<?xml version="1.0" encoding="UTF-8"?>
<!-- Generated by org.testng.reporters.JUnitReportReporter -->
<testsuite skipped="0" hostname="Sulmans-MacBook-Pro.local" name="RunnerPackage.Runner" tests="3" failures="0" timestamp="14 May 2019 05:21:21 GMT" time="80.534" errors="0">
  <testcase name="feature" time="11.197" classname="RunnerPackage.Runner"/>
  <testcase name="feature" time="37.547" classname="RunnerPackage.Runner"/>
  <testcase name="feature" time="31.790" classname="RunnerPackage.Runner"/>
</testsuite> <!-- RunnerPackage.Runner -->
